C:\USERS\PINAGGLE\DOCUMENTS\VISUAL STUDIO 2012\PROJECTS\BILABEL\BILABEL\DEBUG\VC110.PDB
C:\USERS\PINAGGLE\DOCUMENTS\VISUAL STUDIO 2012\PROJECTS\BILABEL\BILABEL\DEBUG\UTIL.OBJ
C:\USERS\PINAGGLE\DOCUMENTS\VISUAL STUDIO 2012\PROJECTS\BILABEL\BILABEL\DEBUG\MAIN.OBJ
C:\USERS\PINAGGLE\DOCUMENTS\VISUAL STUDIO 2012\PROJECTS\BILABEL\BILABEL\DEBUG\BILABEL.OBJ
C:\USERS\PINAGGLE\DOCUMENTS\VISUAL STUDIO 2012\PROJECTS\BILABEL\DEBUG\BILABEL.ILK
C:\USERS\PINAGGLE\DOCUMENTS\VISUAL STUDIO 2012\PROJECTS\BILABEL\DEBUG\BILABEL.EXE
C:\USERS\PINAGGLE\DOCUMENTS\VISUAL STUDIO 2012\PROJECTS\BILABEL\DEBUG\BILABEL.PDB
C:\Users\pinaggle\Documents\Visual Studio 2012\Projects\BiLabel\BiLabel\Debug\BiLabel.obj
C:\Users\pinaggle\Documents\Visual Studio 2012\Projects\BiLabel\BiLabel\Debug\main.obj
C:\Users\pinaggle\Documents\Visual Studio 2012\Projects\BiLabel\BiLabel\Debug\Util.obj
C:\Users\pinaggle\Documents\Visual Studio 2012\Projects\BiLabel\BiLabel\Debug\cl.command.1.tlog
C:\Users\pinaggle\Documents\Visual Studio 2012\Projects\BiLabel\BiLabel\Debug\CL.read.1.tlog
C:\Users\pinaggle\Documents\Visual Studio 2012\Projects\BiLabel\BiLabel\Debug\CL.write.1.tlog
C:\Users\pinaggle\Documents\Visual Studio 2012\Projects\BiLabel\BiLabel\Debug\link-cvtres.read.1.tlog
C:\Users\pinaggle\Documents\Visual Studio 2012\Projects\BiLabel\BiLabel\Debug\link-cvtres.write.1.tlog
C:\Users\pinaggle\Documents\Visual Studio 2012\Projects\BiLabel\BiLabel\Debug\link-rc.read.1.tlog
C:\Users\pinaggle\Documents\Visual Studio 2012\Projects\BiLabel\BiLabel\Debug\link-rc.write.1.tlog
C:\Users\pinaggle\Documents\Visual Studio 2012\Projects\BiLabel\BiLabel\Debug\link.7676-cvtres.read.1.tlog
C:\Users\pinaggle\Documents\Visual Studio 2012\Projects\BiLabel\BiLabel\Debug\link.7676-cvtres.write.1.tlog
C:\Users\pinaggle\Documents\Visual Studio 2012\Projects\BiLabel\BiLabel\Debug\link.7676-rc.read.1.tlog
C:\Users\pinaggle\Documents\Visual Studio 2012\Projects\BiLabel\BiLabel\Debug\link.7676-rc.write.1.tlog
C:\Users\pinaggle\Documents\Visual Studio 2012\Projects\BiLabel\BiLabel\Debug\link.7676.read.1.tlog
C:\Users\pinaggle\Documents\Visual Studio 2012\Projects\BiLabel\BiLabel\Debug\link.7676.write.1.tlog
C:\Users\pinaggle\Documents\Visual Studio 2012\Projects\BiLabel\BiLabel\Debug\link.command.1.tlog
C:\Users\pinaggle\Documents\Visual Studio 2012\Projects\BiLabel\BiLabel\Debug\link.read.1.tlog
C:\Users\pinaggle\Documents\Visual Studio 2012\Projects\BiLabel\BiLabel\Debug\link.write.1.tlog
C:\Users\pinaggle\Documents\Visual Studio 2012\Projects\BiLabel\BiLabel\Debug\vc110.idb
C:\Users\pinaggle\Documents\Visual Studio 2012\Projects\BiLabel\BiLabel\Debug\vc110.pdb
C:\Users\pinaggle\Documents\Visual Studio 2012\Projects\BiLabel\Debug\BiLabel.pdb
C:\Users\pinaggle\Documents\Visual Studio 2012\Projects\BiLabel\Debug\BiLabel.exe
C:\Users\pinaggle\Documents\Visual Studio 2012\Projects\BiLabel\Debug\BiLabel.ilk
