生成启动时间为 2018/3/31 16:06:06。
     1>项目“C:\Users\pinaggle\Documents\Visual Studio 2012\Projects\BiLabel\BiLabel\BiLabel.vcxproj”在节点 2 上(Build 个目标)。
     1>ClCompile:
         C:\Program Files (x86)\Microsoft Visual Studio 11.0\VC\bin\CL.exe /c /ZI /nologo /W3 /WX- /sdl /Od /Oy- /D _MBCS /Gm /EHsc /RTC1 /MDd /GS /fp:precise /Zc:wchar_t /Zc:forScope /Fo"Debug\\" /Fd"Debug\vc110.pdb" /Gd /TP /analyze- /errorReport:prompt BiLabel.cpp Util.cpp main.cpp
         Util.cpp
         正在生成代码...
         正在编译...
         BiLabel.cpp
     1>c:\users\pinaggle\documents\visual studio 2012\projects\bilabel\bilabel\bilabel.cpp(248): warning C4244: “参数”: 从“time_t”转换到“unsigned int”，可能丢失数据
     1>c:\users\pinaggle\documents\visual studio 2012\projects\bilabel\bilabel\bilabel.cpp(267): warning C4244: “参数”: 从“time_t”转换到“unsigned int”，可能丢失数据
         正在生成代码...
         正在跳过...(未检测到相关更改)
         main.cpp
       Link:
         C:\Program Files (x86)\Microsoft Visual Studio 11.0\VC\bin\link.exe /ERRORREPORT:PROMPT /OUT:"C:\Users\pinaggle\Documents\Visual Studio 2012\Projects\BiLabel\Debug\BiLabel.exe" /INCREMENTAL /NOLOGO opencv_ts300d.lib opencv_world300d.lib opencv_ts300.lib opencv_world300.lib kernel32.lib user32.lib gdi32.lib winspool.lib comdlg32.lib advapi32.lib shell32.lib ole32.lib oleaut32.lib uuid.lib odbc32.lib odbccp32.lib /MANIFEST /MANIFESTUAC:"level='asInvoker' uiAccess='false'" /manifest:embed /DEBUG /PDB:"C:\Users\pinaggle\Documents\Visual Studio 2012\Projects\BiLabel\Debug\BiLabel.pdb" /TLBID:1 /DYNAMICBASE /NXCOMPAT /IMPLIB:"C:\Users\pinaggle\Documents\Visual Studio 2012\Projects\BiLabel\Debug\BiLabel.lib" /MACHINE:X86 Debug\BiLabel.obj
         Debug\main.obj
         Debug\Util.obj
         BiLabel.vcxproj -> C:\Users\pinaggle\Documents\Visual Studio 2012\Projects\BiLabel\Debug\BiLabel.exe
     1>已完成生成项目“C:\Users\pinaggle\Documents\Visual Studio 2012\Projects\BiLabel\BiLabel\BiLabel.vcxproj”(Build 个目标)的操作。

生成成功。

已用时间 00:00:02.45
